[i] Checking User
uid=0(root) gid=0(root) groups=0(root)


[i] Date
Mon Mar 24 07:12:22 PM CET 2025


[i] Virtual Machine Check
VMware Detected


[i] Network Interfaces
eth0: flags=4163<UP,BROADCAST,RUNNING,MULTICAST>  mtu 1500
        inet 192.168.200.128  netmask 255.255.255.0  broadcast 192.168.200.255
        inet6 fe80::92b3:fc00:bc4b:3487  prefixlen 64  scopeid 0x20<link>
        ether 00:0c:29:4a:b4:38  txqueuelen 1000  (Ethernet)
        RX packets 1248985  bytes 703425385 (670.8 MiB)
        RX errors 0  dropped 0  overruns 0  frame 0
        TX packets 1502307  bytes 265151648 (252.8 MiB)
        TX errors 0  dropped 7 overruns 0  carrier 0  collisions 0

lo: flags=73<UP,LOOPBACK,RUNNING>  mtu 65536
        inet 127.0.0.1  netmask 255.0.0.0
        inet6 ::1  prefixlen 128  scopeid 0x10<host>
        loop  txqueuelen 1000  (Local Loopback)
        RX packets 75481  bytes 90157679 (85.9 MiB)
        RX errors 0  dropped 0  overruns 0  frame 0
        TX packets 75481  bytes 90157679 (85.9 MiB)
        TX errors 0  dropped 0 overruns 0  carrier 0  collisions 0

tun0: flags=4305<UP,POINTOPOINT,RUNNING,NOARP,MULTICAST>  mtu 1500
        inet 192.168.45.221  netmask 255.255.255.0  destination 192.168.45.221
        inet6 fe80::407f:7ba4:23ba:d749  prefixlen 64  scopeid 0x20<link>
        unspec 00-00-00-00-00-00-00-00-00-00-00-00-00-00-00-00  txqueuelen 500  (UNSPEC)
        RX packets 1260  bytes 456181 (445.4 KiB)
        RX errors 0  dropped 0  overruns 0  frame 0
        TX packets 2028  bytes 976427 (953.5 KiB)
        TX errors 0  dropped 0 overruns 0  carrier 0  collisions 0



[i] Network Routes
Kernel IP routing table
Destination     Gateway         Genmask         Flags Metric Ref    Use Iface
0.0.0.0         192.168.200.2   0.0.0.0         UG    100    0        0 eth0
192.168.45.0    0.0.0.0         255.255.255.0   U     0      0        0 tun0
192.168.122.0   192.168.45.254  255.255.255.0   UG    0      0        0 tun0
192.168.200.0   0.0.0.0         255.255.255.0   U     100    0        0 eth0


[i] DNS Information
nameserver 8.8.8.8
nameserver 8.8.4.4


[i] Ping Test (External: www.Google.com)
PING 8.8.8.8 (8.8.8.8) 56(84) bytes of data.
64 bytes from 8.8.8.8: icmp_seq=1 ttl=128 time=24.3 ms
64 bytes from 8.8.8.8: icmp_seq=2 ttl=128 time=146 ms
64 bytes from 8.8.8.8: icmp_seq=3 ttl=128 time=23.1 ms
64 bytes from 8.8.8.8: icmp_seq=4 ttl=128 time=42.2 ms

--- 8.8.8.8 ping statistics ---
4 packets transmitted, 4 received, 0% packet loss, time 3003ms
rtt min/avg/max/mdev = 23.057/58.889/146.050/50.885 ms

PING www.google.com (142.250.179.196) 56(84) bytes of data.
64 bytes from ams15s42-in-f4.1e100.net (142.250.179.196): icmp_seq=1 ttl=128 time=51.4 ms
64 bytes from ams15s42-in-f4.1e100.net (142.250.179.196): icmp_seq=2 ttl=128 time=33.5 ms
64 bytes from ams15s42-in-f4.1e100.net (142.250.179.196): icmp_seq=3 ttl=128 time=147 ms
64 bytes from ams15s42-in-f4.1e100.net (142.250.179.196): icmp_seq=4 ttl=128 time=27.5 ms

--- www.google.com ping statistics ---
4 packets transmitted, 4 received, 0% packet loss, time 3006ms
rtt min/avg/max/mdev = 27.521/64.806/146.773/48.132 ms


[i] Ping Test (Internal VPN: 10.11.1.220)
PING 10.11.1.220 (10.11.1.220) 56(84) bytes of data.

--- 10.11.1.220 ping statistics ---
8 packets transmitted, 0 received, 100% packet loss, time 7148ms



[i] External IP
24.132.4.102

[i] UDP Port Test


[-] Multiple connection packs, please remove the old one(s)
/home/kenny/Downloads
  1193732      8 -rw-rw-r--   1 kenny    kenny        5795 Feb 21 16:13 ./universal(1).ovpn
  1202996      8 -rw-rw-r--   1 kenny    kenny        5795 Feb 14 09:54 ./universal.ovpn
  1188776      8 -rw-rw-r--   1 kenny    kenny        5791 Mar 24 18:40 ./universal(2).ovpn

total 455M
drwxr-xr-x  3 kenny kenny 4.0K Mar 24 19:12 .
drwx------ 37 kenny kenny 4.0K Mar 24 19:10 ..
-rw-rw-r--  1 kenny kenny 1.2K Feb 14 21:39 41154.sh
-rw-rw-r--  1 kenny kenny 2.1K Feb 25 18:43 48424.txt
-rw-rw-r--  1 kenny kenny 6.0K Feb 14 20:34 49067.py
-rw-rw-r--  1 kenny kenny 2.8K Feb 16 22:22 49601(1).py
-rw-rw-r--  1 kenny kenny 2.8K Feb 15 13:14 49601.py
-rw-rw-r--  1 kenny kenny 3.3K Feb 25 18:23 50214.py
-rw-rw-r--  1 kenny kenny 3.5K Feb  1 11:14 50234.py
-rw-rw-r--  1 kenny kenny 1.9K Feb 16 22:01 51010.py
-rw-rw-r--  1 kenny kenny 1.2K Feb 15 13:12 51016.sh
-rw-rw-r--  1 kenny kenny 209K Feb 12 20:09 86df23bea32e5fbb78aff5c5054d6bf7-atp_lib_vsc.png
-rw-rw-r--  1 kenny kenny 6.0M Jan 19 21:00 agent.exe
-rw-rw-r--  1 kenny kenny 1.8M Feb 16 21:17 challenge-C2.pdf
-rw-rw-r--  1 kenny kenny  12K Feb  1 10:51 cheatsheet(1).txt
-rw-rw-r--  1 kenny kenny  12K Feb  5 18:11 cheatsheet(2).txt
-rw-rw-r--  1 kenny kenny  12K Feb 15 17:33 cheatsheet(3).txt
-rw-rw-r--  1 kenny kenny  12K Feb 18 18:56 cheatsheet(4).txt
-rw-rw-r--  1 kenny kenny  13K Feb 23 12:09 cheatsheet(5).txt
-rw-rw-r--  1 kenny kenny  15K Mar 24 09:29 cheatsheet(6).txt
-rw-rw-r--  1 kenny kenny  11K Jan 25 18:53 cheatsheet.txt
-rw-rw-r--  1 kenny kenny 9.0M Jan 25 17:21 chisel
-rw-rw-r--  1 kenny kenny 9.4M Jan 25 17:21 chisel.exe
-rw-rw-r--  1 kenny kenny  215 Feb 28 18:59 cmd (1).php
-rw-rw-r--  1 kenny kenny  215 Feb 28 18:59 cmd (2).php
-rw-rw-r--  1 kenny kenny 5.6K Feb 14 20:45 cve2020-13151.py
-rw-rw-r--  1 kenny kenny  33K Mar  2 19:34 CVE-2021-3129.py
-rw-rw-r--  1 kenny kenny 3.2K Feb 21 21:05 CVE-2021-4034.py
-rw-rw-r--  1 kenny kenny 7.4K Feb 16 09:46 CVE-2022-22965_exploit.py
-rw-rw-r--  1 kenny kenny 1.8K Feb 16 22:52 CVE-2023-31902.py
-rw-rw-r--  1 kenny kenny  326 Jan 26 19:06 d08b041c8e2dfe72cc2ba90bcaed4d1088873f (1)
-rw-rw-r--  1 kenny kenny  802 Jan 14 19:14 decypher.py
-rw-rw-r--  1 kenny kenny  22K Jan 14 19:17 english3000.txt
-rw-rw-r--  1 kenny kenny  11K Jan 25 16:19 enum-script(1).ps1
-rw-rw-r--  1 kenny kenny  11K Jan 25 16:19 enum-script.ps1
-rw-rw-r--  1 kenny kenny  12M Mar  9 18:57 essentials-main.zip
-rw-rw-r--  1 kenny kenny 2.3K Feb 16 23:00 exploit_51010.py
-rw-rw-r--  1 kenny kenny 3.9K Mar  2 19:02 exploit.py
-rw-rw-r--  1 kenny kenny 2.0M Feb 12 22:22 final_pieces-1.pdf
-rw-rw-r--  1 kenny kenny 2.0M Feb 12 18:35 final_pieces.pdf
-rw-rw-r--  1 kenny kenny 2.6K Feb 14 22:30 full-exploit(1).sh
-rw-rw-r--  1 kenny kenny 2.6K Feb 14 22:30 full-exploit.sh
-rw-rw-r--  1 kenny kenny 109M Feb 21 19:42 google-chrome-stable_current_amd64.deb
-rw-rw-r--  1 kenny kenny 1.8K Mar 24 10:06 id_rsa
-rw-rw-r--  1 kenny kenny  730 Jan 26 18:14 index
-rw-rw-r--  1 kenny kenny  46M Mar 12 13:38 KeePassXC-2.7.10-x86_64.AppImage
-rw-rw-r--  1 kenny kenny 8.0M Jan 17 19:58 kerbrute
-rw-rw-r--  1 kenny kenny 1.7M Feb 26 14:48 laser.pdf
-rw-rw-r--  1 kenny kenny  35K Feb 28 20:35 LICENSE
-rw-rw-r--  1 kenny kenny 843K Jan 26 20:00 linpeas.sh
-rw-rw-r--  1 kenny kenny 8.1K Mar  1 14:39 max.zip
-rw-rw-r--  1 kenny kenny  58K Jan 19 19:45 nc.exe
-rw-rw-r--  1 kenny kenny  346 Jan 25 19:19 newip.sh
-rw-rw-r--  1 kenny kenny  581 Mar 24 09:30 nmap-scan-ports.sh
-rw-rw-r--  1 kenny kenny  27K Jan 17 20:28 ntlmrelayx.py
-rw-rw-r--  1 kenny kenny  21K Feb 25 19:32 ntlm_theft.py
-rw-rw-r--  1 kenny kenny 663K Feb 16 22:18 OSCP-C-ALL-1.pdf
-rw-rw-r--  1 kenny kenny 663K Feb 16 19:44 OSCP-C-ALL.pdf
-rw-rw-r--  1 kenny kenny 1.5K Feb 28 19:04 passwd
-rw-rw-r--  1 kenny kenny 1.7K Feb 14 20:48 poc.lua
-rw-rw-r--  1 kenny kenny 883K Jan 12 19:40 powerview.ps1
-rw-rw-r--  1 kenny kenny  13M Jan 19 21:00 proxy
-rw-rw-r--  1 kenny kenny  27K Jan 19 20:16 ps64.exe
-rw-rw-r--  1 kenny kenny 3.0M Jan 26 20:11 pspy64
-rw-rw-r--  1 kenny kenny 1.2M Feb 14 10:09 pspy64s
-rw-rw-r--  1 kenny kenny  18K Jan 26 19:55 pwnkit
-rw-rw-r--  1 kenny kenny  44K Feb  1 10:55 python-main.zip
-rw-rw-r--  1 kenny kenny 8.1M Mar 10 11:51 relia-total-1.pdf
-rw-rw-r--  1 kenny kenny 8.1M Mar 12 11:48 relia-total-2.pdf
-rw-rw-r--  1 kenny kenny 8.1M Mar  9 19:19 relia-total.pdf
-rw-rw-r--  1 kenny kenny  442 Jan 25 17:04 search.ps1
-rw-rw-r--  1 kenny kenny 7.3K Feb 25 18:33 SimplePHPGal-RCE.py
-rw-rw-r--  1 kenny kenny 8.1M Mar 19 11:48 skylark_total.pdf
-rw-rw-r--  1 kenny kenny 101M Mar 13 21:50 spotify.exe
-rw-rw-r--  1 kenny kenny 1.4M Mar 13 21:47 SpotifySetup.exe
drwxrwxr-x  8 kenny kenny 4.0K Jan  2 14:14 tools
-rw-rw-r--  1 kenny kenny  35M Feb  1 10:54 tools-main.zip
-rw-rw-r--  1 kenny kenny  59M Jan  2 14:13 tools.zip
-rw-rw-r--  1 kenny kenny 1.6K Mar 24 19:09 troubleshooting.7z
-rwxrwxr-x  1 kenny kenny 5.7K Sep 15  2021 troubleshooting.sh
-rw-rw-r--  1 kenny kenny 5.7K Sep 15  2021 troubleshooting.sh (2)
-rw-r--r--  1 root  root  3.7K Mar 24 19:13 troubleshoot.log
-rw-rw-r--  1 kenny kenny 5.7K Feb 21 16:13 universal(1).ovpn
-rw-rw-r--  1 kenny kenny 5.7K Mar 24 18:40 universal(2).ovpn
-rw-rw-r--  1 kenny kenny 5.7K Feb 14 09:54 universal.ovpn
-rw-rw-r--  1 kenny kenny 2.3M Jan 25 17:09 winpeas.exe


[i] Checking Kernel Version
Linux kali 6.11.2-amd64 #1 SMP PREEMPT_DYNAMIC Kali 6.11.2-1kali1 (2024-10-15) x86_64 GNU/Linux


[i] Checking OS
Kali GNU/Linux Rolling \n \l

PRETTY_NAME="Kali GNU/Linux Rolling"
NAME="Kali GNU/Linux"
VERSION_ID="2024.4"
VERSION="2024.4"
VERSION_CODENAME=kali-rolling
ID=kali
ID_LIKE=debian
HOME_URL="https://www.kali.org/"
SUPPORT_URL="https://forums.kali.org/"
BUG_REPORT_URL="https://bugs.kali.org/"
ANSI_COLOR="1;31"
